<?xml version="1.0" encoding="UTF-8"?>
<testng-results skipped="0" failed="0" total="4" passed="4">
  <reporter-output>
  </reporter-output>
  <suite name="Default suite" duration-ms="5719" started-at="2015-08-24T03:36:06Z" finished-at="2015-08-24T03:36:11Z">
    <groups>
    </groups>
    <test name="Default test" duration-ms="5719" started-at="2015-08-24T03:36:06Z" finished-at="2015-08-24T03:36:11Z">
      <class name="com.seleniumTests.TestSelenium">
        <test-method status="PASS" signature="launchBrowser()[pri:0, instance:com.seleniumTests.TestSelenium@3a7442c7]" name="launchBrowser" is-config="true" duration-ms="5519" started-at="2015-08-23T22:36:06Z" finished-at="2015-08-23T22:36:11Z">
          <reporter-output>
          </reporter-output>
        </test-method> <!-- launchBrowser -->
        <test-method status="PASS" signature="launchGmail(java.lang.String, java.lang.String)[pri:0, instance:com.seleniumTests.TestSelenium@3a7442c7]" name="launchGmail" duration-ms="4" started-at="2015-08-23T22:36:11Z" data-provider="testData" finished-at="2015-08-23T22:36:11Z">
          <params>
            <param index="0">
              <value is-null="true"/>
            </param>
            <param index="1">
              <value is-null="true"/>
            </param>
          </params>
          <reporter-output>
          </reporter-output>
        </test-method> <!-- launchGmail -->
        <test-method status="PASS" signature="launchGmail(java.lang.String, java.lang.String)[pri:0, instance:com.seleniumTests.TestSelenium@3a7442c7]" name="launchGmail" duration-ms="1" started-at="2015-08-23T22:36:11Z" data-provider="testData" finished-at="2015-08-23T22:36:11Z">
          <params>
            <param index="0">
              <value is-null="true"/>
            </param>
            <param index="1">
              <value>
                <![CDATA[password1]]>
              </value>
            </param>
          </params>
          <reporter-output>
          </reporter-output>
        </test-method> <!-- launchGmail -->
        <test-method status="PASS" signature="launchGmail(java.lang.String, java.lang.String)[pri:0, instance:com.seleniumTests.TestSelenium@3a7442c7]" name="launchGmail" duration-ms="0" started-at="2015-08-23T22:36:11Z" data-provider="testData" finished-at="2015-08-23T22:36:11Z">
          <params>
            <param index="0">
              <value is-null="true"/>
            </param>
            <param index="1">
              <value>
                <![CDATA[password2]]>
              </value>
            </param>
          </params>
          <reporter-output>
          </reporter-output>
        </test-method> <!-- launchGmail -->
        <test-method status="PASS" signature="launchGmail(java.lang.String, java.lang.String)[pri:0, instance:com.seleniumTests.TestSelenium@3a7442c7]" name="launchGmail" duration-ms="1" started-at="2015-08-23T22:36:11Z" data-provider="testData" finished-at="2015-08-23T22:36:11Z">
          <params>
            <param index="0">
              <value is-null="true"/>
            </param>
            <param index="1">
              <value>
                <![CDATA[password3]]>
              </value>
            </param>
          </params>
          <reporter-output>
          </reporter-output>
        </test-method> <!-- launchGmail -->
      </class> <!-- com.seleniumTests.TestSelenium -->
    </test> <!-- Default test -->
  </suite> <!-- Default suite -->
</testng-results>
