<?xml version="1.0" encoding="UTF-8"?>
<!-- Generated by org.testng.reporters.JUnitXMLReporter -->
<testsuite hostname="thecanbutler.local" name="Default test" tests="4" failures="0" timestamp="24 Aug 2015 03:36:11 GMT" time="5.719" errors="0">
  <testcase name="launchGmail" time="0.004" classname="com.seleniumTests.TestSelenium"/>
  <testcase name="launchGmail" time="0.001" classname="com.seleniumTests.TestSelenium"/>
  <testcase name="launchGmail" time="0.0" classname="com.seleniumTests.TestSelenium"/>
  <testcase name="launchGmail" time="0.001" classname="com.seleniumTests.TestSelenium"/>
</testsuite> <!-- Default test -->
