<?xml version="1.0" encoding="UTF-8"?>
<!-- Generated by org.testng.reporters.JUnitXMLReporter -->
<testsuite hostname="thecanbutler.local" name="Sanity Tests" tests="6" failures="0" timestamp="22 Aug 2015 21:58:10 GMT" time="0.052" errors="0">
  <testcase name="billPayment" time="0.01" classname="com.seleniumTests.Class2"/>
  <testcase name="accountSummary" time="0.001" classname="com.seleniumTests.Class2"/>
  <testcase name="fundTransfer" time="0.001" classname="com.seleniumTests.Class2"/>
  <testcase name="search" time="0.002" classname="com.seleniumTests.Class1"/>
  <testcase name="advanceSearch" time="0.001" classname="com.seleniumTests.Class1"/>
  <testcase name="buyProducts" time="0.001" classname="com.seleniumTests.Class1"/>
</testsuite> <!-- Sanity Tests -->
