<?xml version="1.0" encoding="UTF-8"?>
<!-- Generated by org.testng.reporters.JUnitXMLReporter -->
<testsuite hostname="thecanbutler.local" name="group test test" tests="4" failures="0" timestamp="22 Aug 2015 22:04:49 GMT" time="0.04" errors="0">
  <testcase name="SearchProduct" time="0.015" classname="com.seleniumTests.GroupTests"/>
  <testcase name="buyProducts" time="0.001" classname="com.seleniumTests.GroupTests"/>
  <testcase name="logout" time="0.001" classname="com.seleniumTests.GroupTests"/>
  <testcase name="search" time="0.0" classname="com.seleniumTests.GroupTests"/>
</testsuite> <!-- group test test -->
