<?xml version="1.0" encoding="UTF-8"?>
<!-- Generated by org.testng.reporters.JUnitXMLReporter -->
<testsuite hostname="thecanbutler.local" name="test" tests="4" failures="0" timestamp="25 Jul 2015 23:15:10 GMT" time="0.049" errors="0">
  <testcase name="SearchProduct" time="0.007" classname="com.seleniumTests.GroupTests"/>
  <testcase name="abcd" time="0.001" classname="com.seleniumTests.GroupTests"/>
  <testcase name="buyProducts" time="0.0" classname="com.seleniumTests.GroupTests"/>
  <testcase name="xyza" time="0.001" classname="com.seleniumTests.GroupTests"/>
</testsuite> <!-- test -->
